This file contains any messages produced by compilers while
running configure, to aid debugging if configure makes a mistake.

It was created by BansheeLyricsPlugin configure 0.6, which was
generated by GNU Autoconf 2.61.  Invocation command line was

  $ ./configure --enable-maintainer-mode --prefix=/usr/

## --------- ##
## Platform. ##
## --------- ##

hostname = frm053n
uname -m = i686
uname -r = 2.6.27-11-generic
uname -s = Linux
uname -v = #1 SMP Wed Apr 1 20:57:48 UTC 2009

/usr/bin/uname -p = unknown
/bin/uname -X     = unknown

/bin/arch              = unknown
/usr/bin/arch -k       = unknown
/usr/convex/getsysinfo = unknown
/usr/bin/hostinfo      = unknown
/bin/machine           = unknown
/usr/bin/oslevel       = unknown
/bin/universe          = unknown

PATH: /home/martellinic/bin
PATH: /usr/local/sbin
PATH: /usr/local/bin
PATH: /usr/sbin
PATH: /usr/bin
PATH: /sbin
PATH: /bin
PATH: /usr/games


## ----------- ##
## Core tests. ##
## ----------- ##

configure:1782: checking build system type
configure:1800: result: i686-pc-linux-gnu
configure:1822: checking host system type
configure:1837: result: i686-pc-linux-gnu
configure:1859: checking target system type
configure:1874: result: i686-pc-linux-gnu
configure:1918: checking for a BSD-compatible install
configure:1974: result: /usr/bin/install -c
configure:1985: checking whether build environment is sane
configure:2028: result: yes
configure:2056: checking for a thread-safe mkdir -p
configure:2095: result: /bin/mkdir -p
configure:2108: checking for gawk
configure:2138: result: no
configure:2108: checking for mawk
configure:2124: found /usr/bin/mawk
configure:2135: result: mawk
configure:2146: checking whether make sets $(MAKE)
configure:2167: result: yes
configure:2350: checking how to create a ustar tar archive
configure:2363: tar --version
tar (GNU tar) 1.20
Copyright (C) 2008 Free Software Foundation, Inc.
License GPLv3+: GNU GPL version 3 or later <http://gnu.org/licenses/gpl.html>
This is free software: you are free to change and redistribute it.
There is NO WARRANTY, to the extent permitted by law.

Written by John Gilmore and Jay Fenlason.
configure:2366: $? = 0
configure:2406: tardir=conftest.dir && eval tar --format=ustar -chf - "$tardir" >conftest.tar
configure:2409: $? = 0
configure:2413: tar -xf - <conftest.tar
configure:2416: $? = 0
configure:2429: result: gnutar
configure:2436: checking whether to enable maintainer-specific portions of Makefiles
configure:2445: result: yes
configure:2480: checking for style of include used by make
configure:2508: result: GNU
configure:2578: checking for gcc
configure:2594: found /usr/bin/gcc
configure:2605: result: gcc
configure:2843: checking for C compiler version
configure:2850: gcc --version >&5
gcc (Ubuntu 4.3.2-1ubuntu12) 4.3.2
Copyright (C) 2008 Free Software Foundation, Inc.
This is free software; see the source for copying conditions.  There is NO
warranty; not even for MERCHANTABILITY or FITNESS FOR A PARTICULAR PURPOSE.

configure:2853: $? = 0
configure:2860: gcc -v >&5
Using built-in specs.
Target: i486-linux-gnu
Configured with: ../src/configure -v --with-pkgversion='Ubuntu 4.3.2-1ubuntu12' --with-bugurl=file:///usr/share/doc/gcc-4.3/README.Bugs --enable-languages=c,c++,fortran,objc,obj-c++ --prefix=/usr --enable-shared --with-system-zlib --libexecdir=/usr/lib --without-included-gettext --enable-threads=posix --enable-nls --with-gxx-include-dir=/usr/include/c++/4.3 --program-suffix=-4.3 --enable-clocale=gnu --enable-libstdcxx-debug --enable-objc-gc --enable-mpfr --enable-targets=all --enable-checking=release --build=i486-linux-gnu --host=i486-linux-gnu --target=i486-linux-gnu
Thread model: posix
gcc version 4.3.2 (Ubuntu 4.3.2-1ubuntu12) 
configure:2863: $? = 0
configure:2870: gcc -V >&5
gcc: '-V' option must have argument
configure:2873: $? = 1
configure:2896: checking for C compiler default output file name
configure:2923: gcc    conftest.c  >&5
configure:2926: $? = 0
configure:2964: result: a.out
configure:2981: checking whether the C compiler works
configure:2991: ./a.out
configure:2994: $? = 0
configure:3011: result: yes
configure:3018: checking whether we are cross compiling
configure:3020: result: no
configure:3023: checking for suffix of executables
configure:3030: gcc -o conftest    conftest.c  >&5
configure:3033: $? = 0
configure:3057: result: 
configure:3063: checking for suffix of object files
configure:3089: gcc -c   conftest.c >&5
configure:3092: $? = 0
configure:3115: result: o
configure:3119: checking whether we are using the GNU C compiler
configure:3148: gcc -c   conftest.c >&5
configure:3154: $? = 0
configure:3171: result: yes
configure:3176: checking whether gcc accepts -g
configure:3206: gcc -c -g  conftest.c >&5
configure:3212: $? = 0
configure:3311: result: yes
configure:3328: checking for gcc option to accept ISO C89
configure:3402: gcc  -c -g -O2  conftest.c >&5
configure:3408: $? = 0
configure:3431: result: none needed
configure:3451: checking dependency style of gcc
configure:3542: result: none
configure:3656: checking what warning flags to pass to the C compiler
configure:3658: result: -Wall -Wmissing-prototypes
configure:3669: checking what language compliance flags to pass to the C compiler
configure:3684: result: 
configure:3694: checking for mono
configure:3712: found /usr/bin/mono
configure:3725: result: /usr/bin/mono
configure:3742: checking for gmcs
configure:3760: found /usr/bin/gmcs
configure:3773: result: /usr/bin/gmcs
configure:3842: checking for pkg-config
configure:3860: found /usr/bin/pkg-config
configure:3872: result: /usr/bin/pkg-config
configure:3901: checking pkg-config is at least version 0.9.0
configure:3904: result: yes
configure:3915: checking for BANSHEE_1_THICKCLIENT
configure:3923: $PKG_CONFIG --exists --print-errors "banshee-1-thickclient >= 0.98"
configure:3926: $? = 0
configure:3941: $PKG_CONFIG --exists --print-errors "banshee-1-thickclient >= 0.98"
configure:3944: $? = 0
configure:4020: result: yes
configure:4026: checking for GCONF_SHARP_20
configure:4034: $PKG_CONFIG --exists --print-errors "gconf-sharp-2.0"
configure:4037: $? = 0
configure:4052: $PKG_CONFIG --exists --print-errors "gconf-sharp-2.0"
configure:4055: $? = 0
configure:4131: result: yes
configure:4137: checking for GTKHTML_SHARP_314
configure:4145: $PKG_CONFIG --exists --print-errors "gtkhtml-sharp-3.14"
configure:4148: $? = 0
configure:4163: $PKG_CONFIG --exists --print-errors "gtkhtml-sharp-3.14"
configure:4166: $? = 0
configure:4242: result: yes
configure:4387: creating ./config.status

## ---------------------- ##
## Running config.status. ##
## ---------------------- ##

This file was extended by BansheeLyricsPlugin config.status 0.6, which was
generated by GNU Autoconf 2.61.  Invocation command line was

  CONFIG_FILES    = 
  CONFIG_HEADERS  = 
  CONFIG_LINKS    = 
  CONFIG_COMMANDS = 
  $ ./config.status 

on frm053n

config.status:663: creating Makefile
config.status:663: creating src/Makefile
config.status:663: creating config.h
config.status:926: executing depfiles commands

## ---------------- ##
## Cache variables. ##
## ---------------- ##

ac_cv_build=i686-pc-linux-gnu
ac_cv_c_compiler_gnu=yes
ac_cv_env_BANSHEE_1_THICKCLIENT_CFLAGS_set=
ac_cv_env_BANSHEE_1_THICKCLIENT_CFLAGS_value=
ac_cv_env_BANSHEE_1_THICKCLIENT_LIBS_set=
ac_cv_env_BANSHEE_1_THICKCLIENT_LIBS_value=
ac_cv_env_CC_set=
ac_cv_env_CC_value=
ac_cv_env_CFLAGS_set=
ac_cv_env_CFLAGS_value=
ac_cv_env_CPPFLAGS_set=
ac_cv_env_CPPFLAGS_value=
ac_cv_env_GCONF_SHARP_20_CFLAGS_set=
ac_cv_env_GCONF_SHARP_20_CFLAGS_value=
ac_cv_env_GCONF_SHARP_20_LIBS_set=
ac_cv_env_GCONF_SHARP_20_LIBS_value=
ac_cv_env_GTKHTML_SHARP_314_CFLAGS_set=
ac_cv_env_GTKHTML_SHARP_314_CFLAGS_value=
ac_cv_env_GTKHTML_SHARP_314_LIBS_set=
ac_cv_env_GTKHTML_SHARP_314_LIBS_value=
ac_cv_env_LDFLAGS_set=
ac_cv_env_LDFLAGS_value=
ac_cv_env_LIBS_set=
ac_cv_env_LIBS_value=
ac_cv_env_PKG_CONFIG_set=
ac_cv_env_PKG_CONFIG_value=
ac_cv_env_build_alias_set=
ac_cv_env_build_alias_value=
ac_cv_env_host_alias_set=
ac_cv_env_host_alias_value=
ac_cv_env_target_alias_set=
ac_cv_env_target_alias_value=
ac_cv_host=i686-pc-linux-gnu
ac_cv_objext=o
ac_cv_path_MCS=/usr/bin/gmcs
ac_cv_path_MONO=/usr/bin/mono
ac_cv_path_ac_pt_PKG_CONFIG=/usr/bin/pkg-config
ac_cv_path_install='/usr/bin/install -c'
ac_cv_path_mkdir=/bin/mkdir
ac_cv_prog_AWK=mawk
ac_cv_prog_ac_ct_CC=gcc
ac_cv_prog_cc_c89=
ac_cv_prog_cc_g=yes
ac_cv_prog_make_make_set=yes
ac_cv_target=i686-pc-linux-gnu
am_cv_CC_dependencies_compiler_type=none
am_cv_prog_tar_ustar=gnutar
pkg_cv_BANSHEE_1_THICKCLIENT_CFLAGS='-I:/usr/lib/pkgconfig/../../share/gapi-2.0/glib-api.xml -I:/usr/lib/pkgconfig/../../share/gapi-2.0/pango-api.xml -I:/usr/lib/pkgconfig/../../share/gapi-2.0/atk-api.xml -I:/usr/lib/pkgconfig/../../share/gapi-2.0/gdk-api.xml -I:/usr/lib/pkgconfig/../../share/gapi-2.0/gtk-api.xml  '
pkg_cv_BANSHEE_1_THICKCLIENT_LIBS='-r:/usr/lib/banshee-1/Banshee.Widgets.dll -r:/usr/lib/banshee-1/Banshee.ThickClient.dll -r:/usr/lib/banshee-1/Banshee.Services.dll -r:Mono.Cairo -r:/usr/lib/banshee-1/Hyena.Gui.dll -r:/usr/lib/banshee-1/Banshee.Core.dll -r:System -r:/usr/lib/banshee-1/Mono.Media.dll -r:/usr/lib/cli/ndesk-dbus-1.0/NDesk.DBus.dll -r:/usr/lib/cli/ndesk-dbus-glib-1.0/NDesk.DBus.GLib.dll -r:/usr/lib/pkgconfig/../../lib/mono/gtk-sharp-2.0/glib-sharp.dll -r:/usr/lib/cli/mono-addins-0.2/Mono.Addins.dll -r:System.Data -r:Mono.Data.SqliteClient -r:Mono.Posix -r:/usr/lib/banshee-1/Hyena.dll -r:/usr/lib/banshee-1/MusicBrainz.dll -r:/usr/lib/pkgconfig/../../lib/mono/gtk-sharp-2.0/pango-sharp.dll -r:/usr/lib/pkgconfig/../../lib/mono/gtk-sharp-2.0/atk-sharp.dll -r:/usr/lib/pkgconfig/../../lib/mono/gtk-sharp-2.0/gdk-sharp.dll -r:/usr/lib/pkgconfig/../../lib/mono/gtk-sharp-2.0/gtk-sharp.dll -r:/usr/lib/cli/taglib-sharp-2.0/taglib-sharp.dll  '
pkg_cv_GCONF_SHARP_20_CFLAGS=' '
pkg_cv_GCONF_SHARP_20_LIBS='-r:/usr/lib/pkgconfig/../../lib/mono/gtk-sharp-2.0/gconf-sharp.dll  '
pkg_cv_GTKHTML_SHARP_314_CFLAGS='-I:/usr/lib/pkgconfig/../../share/gtkhtml-sharp/3.14/gtkhtml-api.xml -I:/usr/lib/pkgconfig/../../share/gapi-2.0/pango-api.xml -I:/usr/lib/pkgconfig/../../share/gapi-2.0/atk-api.xml -I:/usr/lib/pkgconfig/../../share/gapi-2.0/gdk-api.xml -I:/usr/lib/pkgconfig/../../share/gapi-2.0/gtk-api.xml -I:/usr/lib/pkgconfig/../../share/gapi-2.0/glib-api.xml  '
pkg_cv_GTKHTML_SHARP_314_LIBS='-r:/usr/lib/pkgconfig/../../lib/mono/gtkhtml-sharp-3.14/gtkhtml-sharp.dll -r:/usr/lib/pkgconfig/../../lib/mono/gtk-sharp-2.0/pango-sharp.dll -r:/usr/lib/pkgconfig/../../lib/mono/gtk-sharp-2.0/atk-sharp.dll -r:/usr/lib/pkgconfig/../../lib/mono/gtk-sharp-2.0/gdk-sharp.dll -r:/usr/lib/pkgconfig/../../lib/mono/gtk-sharp-2.0/gtk-sharp.dll -r:/usr/lib/pkgconfig/../../lib/mono/gtk-sharp-2.0/glib-sharp.dll  '

## ----------------- ##
## Output variables. ##
## ----------------- ##

ACLOCAL='${SHELL} /home/martellinic/Projects/BansheeLyricsPlugin/BansheeLyricsPlugin/missing --run aclocal-1.10'
AMDEPBACKSLASH='\'
AMDEP_FALSE='#'
AMDEP_TRUE=''
AMTAR='${SHELL} /home/martellinic/Projects/BansheeLyricsPlugin/BansheeLyricsPlugin/missing --run tar'
AUTOCONF='${SHELL} /home/martellinic/Projects/BansheeLyricsPlugin/BansheeLyricsPlugin/missing --run autoconf'
AUTOHEADER='${SHELL} /home/martellinic/Projects/BansheeLyricsPlugin/BansheeLyricsPlugin/missing --run autoheader'
AUTOMAKE='${SHELL} /home/martellinic/Projects/BansheeLyricsPlugin/BansheeLyricsPlugin/missing --run automake-1.10'
AWK='mawk'
BANSHEE_1_THICKCLIENT_CFLAGS='-I:/usr/lib/pkgconfig/../../share/gapi-2.0/glib-api.xml -I:/usr/lib/pkgconfig/../../share/gapi-2.0/pango-api.xml -I:/usr/lib/pkgconfig/../../share/gapi-2.0/atk-api.xml -I:/usr/lib/pkgconfig/../../share/gapi-2.0/gdk-api.xml -I:/usr/lib/pkgconfig/../../share/gapi-2.0/gtk-api.xml  '
BANSHEE_1_THICKCLIENT_LIBS='-r:/usr/lib/banshee-1/Banshee.Widgets.dll -r:/usr/lib/banshee-1/Banshee.ThickClient.dll -r:/usr/lib/banshee-1/Banshee.Services.dll -r:Mono.Cairo -r:/usr/lib/banshee-1/Hyena.Gui.dll -r:/usr/lib/banshee-1/Banshee.Core.dll -r:System -r:/usr/lib/banshee-1/Mono.Media.dll -r:/usr/lib/cli/ndesk-dbus-1.0/NDesk.DBus.dll -r:/usr/lib/cli/ndesk-dbus-glib-1.0/NDesk.DBus.GLib.dll -r:/usr/lib/pkgconfig/../../lib/mono/gtk-sharp-2.0/glib-sharp.dll -r:/usr/lib/cli/mono-addins-0.2/Mono.Addins.dll -r:System.Data -r:Mono.Data.SqliteClient -r:Mono.Posix -r:/usr/lib/banshee-1/Hyena.dll -r:/usr/lib/banshee-1/MusicBrainz.dll -r:/usr/lib/pkgconfig/../../lib/mono/gtk-sharp-2.0/pango-sharp.dll -r:/usr/lib/pkgconfig/../../lib/mono/gtk-sharp-2.0/atk-sharp.dll -r:/usr/lib/pkgconfig/../../lib/mono/gtk-sharp-2.0/gdk-sharp.dll -r:/usr/lib/pkgconfig/../../lib/mono/gtk-sharp-2.0/gtk-sharp.dll -r:/usr/lib/cli/taglib-sharp-2.0/taglib-sharp.dll  '
CC='gcc'
CCDEPMODE='depmode=none'
CFLAGS='-g -O2'
CPPFLAGS=''
CYGPATH_W='echo'
DEFS='-DHAVE_CONFIG_H'
DEPDIR='.deps'
ECHO_C=''
ECHO_N='-n'
ECHO_T=''
EXEEXT=''
GCONF_SHARP_20_CFLAGS=' '
GCONF_SHARP_20_LIBS='-r:/usr/lib/pkgconfig/../../lib/mono/gtk-sharp-2.0/gconf-sharp.dll  '
GTKHTML_SHARP_314_CFLAGS='-I:/usr/lib/pkgconfig/../../share/gtkhtml-sharp/3.14/gtkhtml-api.xml -I:/usr/lib/pkgconfig/../../share/gapi-2.0/pango-api.xml -I:/usr/lib/pkgconfig/../../share/gapi-2.0/atk-api.xml -I:/usr/lib/pkgconfig/../../share/gapi-2.0/gdk-api.xml -I:/usr/lib/pkgconfig/../../share/gapi-2.0/gtk-api.xml -I:/usr/lib/pkgconfig/../../share/gapi-2.0/glib-api.xml  '
GTKHTML_SHARP_314_LIBS='-r:/usr/lib/pkgconfig/../../lib/mono/gtkhtml-sharp-3.14/gtkhtml-sharp.dll -r:/usr/lib/pkgconfig/../../lib/mono/gtk-sharp-2.0/pango-sharp.dll -r:/usr/lib/pkgconfig/../../lib/mono/gtk-sharp-2.0/atk-sharp.dll -r:/usr/lib/pkgconfig/../../lib/mono/gtk-sharp-2.0/gdk-sharp.dll -r:/usr/lib/pkgconfig/../../lib/mono/gtk-sharp-2.0/gtk-sharp.dll -r:/usr/lib/pkgconfig/../../lib/mono/gtk-sharp-2.0/glib-sharp.dll  '
INSTALL_DATA='${INSTALL} -m 644'
INSTALL_PROGRAM='${INSTALL}'
INSTALL_SCRIPT='${INSTALL}'
INSTALL_STRIP_PROGRAM='$(install_sh) -c -s'
LDFLAGS=''
LIBOBJS=''
LIBS=''
LTLIBOBJS=''
MAINT=''
MAINTAINER_MODE_FALSE='#'
MAINTAINER_MODE_TRUE=''
MAKEINFO='${SHELL} /home/martellinic/Projects/BansheeLyricsPlugin/BansheeLyricsPlugin/missing --run makeinfo'
MCS='/usr/bin/gmcs'
MONO='/usr/bin/mono'
OBJEXT='o'
PACKAGE='bansheelyricsplugin'
PACKAGE_BUGREPORT=''
PACKAGE_NAME='BansheeLyricsPlugin'
PACKAGE_STRING='BansheeLyricsPlugin 0.6'
PACKAGE_TARNAME='bansheelyricsplugin'
PACKAGE_VERSION='0.6'
PATH_SEPARATOR=':'
PKG_CONFIG='/usr/bin/pkg-config'
PLUGINDIR='/usr/lib/banshee-1/Extensions'
SET_MAKE=''
SHELL='/bin/bash'
STRIP=''
VERSION='0.6'
WARN_CFLAGS='-Wall -Wmissing-prototypes '
ac_ct_CC='gcc'
am__fastdepCC_FALSE=''
am__fastdepCC_TRUE='#'
am__include='include'
am__isrc=''
am__leading_dot='.'
am__quote=''
am__tar='tar --format=ustar -chf - "$$tardir"'
am__untar='tar -xf -'
bindir='${exec_prefix}/bin'
build='i686-pc-linux-gnu'
build_alias=''
build_cpu='i686'
build_os='linux-gnu'
build_vendor='pc'
datadir='${datarootdir}'
datarootdir='${prefix}/share'
docdir='${datarootdir}/doc/${PACKAGE_TARNAME}'
dvidir='${docdir}'
exec_prefix='${prefix}'
host='i686-pc-linux-gnu'
host_alias=''
host_cpu='i686'
host_os='linux-gnu'
host_vendor='pc'
htmldir='${docdir}'
includedir='${prefix}/include'
infodir='${datarootdir}/info'
install_sh='$(SHELL) /home/martellinic/Projects/BansheeLyricsPlugin/BansheeLyricsPlugin/install-sh'
libdir='${exec_prefix}/lib'
libexecdir='${exec_prefix}/libexec'
localedir='${datarootdir}/locale'
localstatedir='${prefix}/var'
mandir='${datarootdir}/man'
mkdir_p='/bin/mkdir -p'
oldincludedir='/usr/include'
pdfdir='${docdir}'
prefix='/usr/'
program_transform_name='s,x,x,'
psdir='${docdir}'
sbindir='${exec_prefix}/sbin'
sharedstatedir='${prefix}/com'
slicelocaledir='${prefix}/${DATADIRNAME}/locale'
sysconfdir='${prefix}/etc'
target='i686-pc-linux-gnu'
target_alias=''
target_cpu='i686'
target_os='linux-gnu'
target_vendor='pc'

## ----------- ##
## confdefs.h. ##
## ----------- ##

#define PACKAGE_NAME "BansheeLyricsPlugin"
#define PACKAGE_TARNAME "bansheelyricsplugin"
#define PACKAGE_VERSION "0.6"
#define PACKAGE_STRING "BansheeLyricsPlugin 0.6"
#define PACKAGE_BUGREPORT ""
#define PACKAGE "bansheelyricsplugin"
#define VERSION "0.6"

configure: exit 0
