This file contains any messages produced by compilers while
running configure, to aid debugging if configure makes a mistake.

It was created by Banshee.Streamripper configure 0.1, which was
generated by GNU Autoconf 2.63.  Invocation command line was

  $ ./configure 

## --------- ##
## Platform. ##
## --------- ##

hostname = dingsi
uname -m = x86_64
uname -r = 2.6.31-17-generic
uname -s = Linux
uname -v = #54-Ubuntu SMP Thu Dec 10 17:01:44 UTC 2009

/usr/bin/uname -p = unknown
/bin/uname -X     = unknown

/bin/arch              = unknown
/usr/bin/arch -k       = unknown
/usr/convex/getsysinfo = unknown
/usr/bin/hostinfo      = unknown
/bin/machine           = unknown
/usr/bin/oslevel       = unknown
/bin/universe          = unknown

PATH: /usr/local/sbin
PATH: /usr/local/bin
PATH: /usr/sbin
PATH: /usr/bin
PATH: /sbin
PATH: /bin
PATH: /usr/games


## ----------- ##
## Core tests. ##
## ----------- ##

configure:1955: checking for a BSD-compatible install
configure:2023: result: /usr/bin/install -c
configure:2034: checking whether build environment is sane
configure:2077: result: yes
configure:2102: checking for a thread-safe mkdir -p
configure:2141: result: /bin/mkdir -p
configure:2154: checking for gawk
configure:2170: found /usr/bin/gawk
configure:2181: result: gawk
configure:2192: checking whether make sets $(MAKE)
configure:2214: result: yes
configure:2398: checking whether to enable maintainer-specific portions of Makefiles
configure:2407: result: no
configure:2423: checking for pkg-config
configure:2441: found /usr/bin/pkg-config
configure:2454: result: /usr/bin/pkg-config
configure:2514: checking whether NLS is requested
configure:2523: result: yes
configure:2539: checking for style of include used by make
configure:2567: result: GNU
configure:2637: checking for gcc
configure:2653: found /usr/bin/gcc
configure:2664: result: gcc
configure:2896: checking for C compiler version
configure:2904: gcc --version >&5
gcc (Ubuntu 4.4.1-4ubuntu8) 4.4.1
Copyright (C) 2009 Free Software Foundation, Inc.
This is free software; see the source for copying conditions.  There is NO
warranty; not even for MERCHANTABILITY or FITNESS FOR A PARTICULAR PURPOSE.

configure:2908: $? = 0
configure:2915: gcc -v >&5
Using built-in specs.
Target: x86_64-linux-gnu
Configured with: ../src/configure -v --with-pkgversion='Ubuntu 4.4.1-4ubuntu8' --with-bugurl=file:///usr/share/doc/gcc-4.4/README.Bugs --enable-languages=c,c++,fortran,objc,obj-c++ --prefix=/usr --enable-shared --enable-multiarch --enable-linker-build-id --with-system-zlib --libexecdir=/usr/lib --without-included-gettext --enable-threads=posix --with-gxx-include-dir=/usr/include/c++/4.4 --program-suffix=-4.4 --enable-nls --enable-clocale=gnu --enable-libstdcxx-debug --enable-objc-gc --disable-werror --with-arch-32=i486 --with-tune=generic --enable-checking=release --build=x86_64-linux-gnu --host=x86_64-linux-gnu --target=x86_64-linux-gnu
Thread model: posix
gcc version 4.4.1 (Ubuntu 4.4.1-4ubuntu8) 
configure:2919: $? = 0
configure:2926: gcc -V >&5
gcc: '-V' option must have argument
configure:2930: $? = 1
configure:2953: checking for C compiler default output file name
configure:2975: gcc    conftest.c  >&5
configure:2979: $? = 0
configure:3017: result: a.out
configure:3036: checking whether the C compiler works
configure:3046: ./a.out
configure:3050: $? = 0
configure:3069: result: yes
configure:3076: checking whether we are cross compiling
configure:3078: result: no
configure:3081: checking for suffix of executables
configure:3088: gcc -o conftest    conftest.c  >&5
configure:3092: $? = 0
configure:3118: result: 
configure:3124: checking for suffix of object files
configure:3150: gcc -c   conftest.c >&5
configure:3154: $? = 0
configure:3179: result: o
configure:3183: checking whether we are using the GNU C compiler
configure:3212: gcc -c   conftest.c >&5
configure:3219: $? = 0
configure:3236: result: yes
configure:3245: checking whether gcc accepts -g
configure:3275: gcc -c -g  conftest.c >&5
configure:3282: $? = 0
configure:3383: result: yes
configure:3400: checking for gcc option to accept ISO C89
configure:3474: gcc  -c -g -O2  conftest.c >&5
configure:3481: $? = 0
configure:3504: result: none needed
configure:3524: checking dependency style of gcc
configure:3615: result: none
configure:3644: checking for intltool >= 0.35.0
configure:3651: result: 0.41.0 found
configure:3661: checking for intltool-update
configure:3679: found /usr/bin/intltool-update
configure:3691: result: /usr/bin/intltool-update
configure:3701: checking for intltool-merge
configure:3719: found /usr/bin/intltool-merge
configure:3731: result: /usr/bin/intltool-merge
configure:3741: checking for intltool-extract
configure:3759: found /usr/bin/intltool-extract
configure:3771: result: /usr/bin/intltool-extract
configure:3904: checking for xgettext
configure:3922: found /usr/bin/xgettext
configure:3934: result: /usr/bin/xgettext
configure:3944: checking for msgmerge
configure:3962: found /usr/bin/msgmerge
configure:3974: result: /usr/bin/msgmerge
configure:3984: checking for msgfmt
configure:4002: found /usr/bin/msgfmt
configure:4014: result: /usr/bin/msgfmt
configure:4024: checking for gmsgfmt
configure:4055: result: /usr/bin/msgfmt
configure:4079: checking for perl
configure:4097: found /usr/bin/perl
configure:4109: result: /usr/bin/perl
configure:4122: checking for perl >= 5.8.1
configure:4131: result: 5.10.0
configure:4135: checking for XML::Parser
configure:4138: result: ok
configure:4175: gcc -o conftest -g -O2   conftest.c  >&5
configure:4182: $? = 0
configure:4316: checking how to run the C preprocessor
configure:4356: gcc -E  conftest.c
configure:4363: $? = 0
configure:4394: gcc -E  conftest.c
conftest.c:11:28: error: ac_nonexistent.h: No such file or directory
configure:4401: $? = 1
configure: failed program was:
| /* confdefs.h.  */
| #define PACKAGE_NAME "Banshee.Streamripper"
| #define PACKAGE_TARNAME "banshee-streamripper"
| #define PACKAGE_VERSION "0.1"
| #define PACKAGE_STRING "Banshee.Streamripper 0.1"
| #define PACKAGE_BUGREPORT ""
| #define PACKAGE "banshee-streamripper"
| #define VERSION "0.1"
| #define GETTEXT_PACKAGE "banshee-streamripper"
| /* end confdefs.h.  */
| #include <ac_nonexistent.h>
configure:4434: result: gcc -E
configure:4463: gcc -E  conftest.c
configure:4470: $? = 0
configure:4501: gcc -E  conftest.c
conftest.c:11:28: error: ac_nonexistent.h: No such file or directory
configure:4508: $? = 1
configure: failed program was:
| /* confdefs.h.  */
| #define PACKAGE_NAME "Banshee.Streamripper"
| #define PACKAGE_TARNAME "banshee-streamripper"
| #define PACKAGE_VERSION "0.1"
| #define PACKAGE_STRING "Banshee.Streamripper 0.1"
| #define PACKAGE_BUGREPORT ""
| #define PACKAGE "banshee-streamripper"
| #define VERSION "0.1"
| #define GETTEXT_PACKAGE "banshee-streamripper"
| /* end confdefs.h.  */
| #include <ac_nonexistent.h>
configure:4548: checking for grep that handles long lines and -e
configure:4608: result: /bin/grep
configure:4613: checking for egrep
configure:4677: result: /bin/grep -E
configure:4682: checking for ANSI C header files
configure:4712: gcc -c -g -O2  conftest.c >&5
configure:4719: $? = 0
configure:4818: gcc -o conftest -g -O2   conftest.c  >&5
configure:4822: $? = 0
configure:4828: ./conftest
configure:4832: $? = 0
configure:4850: result: yes
configure:4874: checking for sys/types.h
configure:4895: gcc -c -g -O2  conftest.c >&5
configure:4902: $? = 0
configure:4919: result: yes
configure:4874: checking for sys/stat.h
configure:4895: gcc -c -g -O2  conftest.c >&5
configure:4902: $? = 0
configure:4919: result: yes
configure:4874: checking for stdlib.h
configure:4895: gcc -c -g -O2  conftest.c >&5
configure:4902: $? = 0
configure:4919: result: yes
configure:4874: checking for string.h
configure:4895: gcc -c -g -O2  conftest.c >&5
configure:4902: $? = 0
configure:4919: result: yes
configure:4874: checking for memory.h
configure:4895: gcc -c -g -O2  conftest.c >&5
configure:4902: $? = 0
configure:4919: result: yes
configure:4874: checking for strings.h
configure:4895: gcc -c -g -O2  conftest.c >&5
configure:4902: $? = 0
configure:4919: result: yes
configure:4874: checking for inttypes.h
configure:4895: gcc -c -g -O2  conftest.c >&5
configure:4902: $? = 0
configure:4919: result: yes
configure:4874: checking for stdint.h
configure:4895: gcc -c -g -O2  conftest.c >&5
configure:4902: $? = 0
configure:4919: result: yes
configure:4874: checking for unistd.h
configure:4895: gcc -c -g -O2  conftest.c >&5
configure:4902: $? = 0
configure:4919: result: yes
configure:4950: checking locale.h usability
configure:4967: gcc -c -g -O2  conftest.c >&5
configure:4974: $? = 0
configure:4988: result: yes
configure:4992: checking locale.h presence
configure:5007: gcc -E  conftest.c
configure:5014: $? = 0
configure:5028: result: yes
configure:5056: checking for locale.h
configure:5065: result: yes
configure:5081: checking for LC_MESSAGES
configure:5107: gcc -o conftest -g -O2   conftest.c  >&5
configure:5114: $? = 0
configure:5134: result: yes
configure:5163: checking libintl.h usability
configure:5180: gcc -c -g -O2  conftest.c >&5
configure:5187: $? = 0
configure:5201: result: yes
configure:5205: checking libintl.h presence
configure:5220: gcc -E  conftest.c
configure:5227: $? = 0
configure:5241: result: yes
configure:5269: checking for libintl.h
configure:5276: result: yes
configure:5287: checking for ngettext in libc
configure:5315: gcc -o conftest -g -O2   conftest.c  >&5
configure:5322: $? = 0
configure:5343: result: yes
configure:5347: checking for dgettext in libc
configure:5375: gcc -o conftest -g -O2   conftest.c  >&5
configure:5382: $? = 0
configure:5403: result: yes
configure:5412: checking for bind_textdomain_codeset
configure:5468: gcc -o conftest -g -O2   conftest.c  >&5
configure:5475: $? = 0
configure:5497: result: yes
configure:6013: checking for msgfmt
configure:6040: result: /usr/bin/msgfmt
configure:6053: checking for dcgettext
configure:6109: gcc -o conftest -g -O2   conftest.c   >&5
conftest.c:48: warning: conflicting types for built-in function 'dcgettext'
configure:6116: $? = 0
configure:6138: result: yes
configure:6151: checking if msgfmt accepts -c
configure:6166: $MSGFMT -c -o /dev/null conftest.foo
configure:6169: $? = 0
configure:6171: result: yes
configure:6181: checking for gmsgfmt
configure:6212: result: /usr/bin/msgfmt
configure:6222: checking for xgettext
configure:6249: result: /usr/bin/xgettext
configure:6278: gcc -o conftest -g -O2   conftest.c   >&5
configure:6285: $? = 0
configure:6533: checking for a BSD-compatible install
configure:6601: result: /usr/bin/install -c
configure:6615: checking for gmcs
configure:6633: found /usr/bin/gmcs
configure:6646: result: /usr/bin/gmcs
configure:6814: checking pkg-config is at least version 0.9.0
configure:6817: result: yes
configure:6828: checking for GTKSHARP
configure:6836: $PKG_CONFIG --exists --print-errors "gtk-sharp-2.0 >= 2.12"
configure:6839: $? = 0
configure:6854: $PKG_CONFIG --exists --print-errors "gtk-sharp-2.0 >= 2.12"
configure:6857: $? = 0
configure:6935: result: yes
configure:6942: checking for BANSHEE
configure:6953: $PKG_CONFIG --exists --print-errors "banshee-1-hyena >= 1.4.0
                           banshee-1-core >= 1.4.0
                           banshee-1-services >= 1.4.0
                           banshee-1-thickclient >= 1.4.0"
configure:6959: $? = 0
configure:6980: $PKG_CONFIG --exists --print-errors "banshee-1-hyena >= 1.4.0
                           banshee-1-core >= 1.4.0
                           banshee-1-services >= 1.4.0
                           banshee-1-thickclient >= 1.4.0"
configure:6986: $? = 0
configure:7079: result: yes
configure:7337: creating ./config.status

## ---------------------- ##
## Running config.status. ##
## ---------------------- ##

This file was extended by Banshee.Streamripper config.status 0.1, which was
generated by GNU Autoconf 2.63.  Invocation command line was

  CONFIG_FILES    = 
  CONFIG_HEADERS  = 
  CONFIG_LINKS    = 
  CONFIG_COMMANDS = 
  $ ./config.status 

on dingsi

config.status:788: creating Banshee.Streamripper/Banshee.Streamripper.addin.xml
config.status:788: creating Banshee.Streamripper/Makefile
config.status:788: creating Banshee.Streamripper/banshee.streamripper.pc
config.status:788: creating po/Makefile.in
config.status:788: creating Makefile
config.status:999: executing depfiles commands
config.status:999: executing default-1 commands
config.status:999: executing po/stamp-it commands

## ---------------- ##
## Cache variables. ##
## ---------------- ##

ac_cv_c_compiler_gnu=yes
ac_cv_env_BANSHEE_CFLAGS_set=
ac_cv_env_BANSHEE_CFLAGS_value=
ac_cv_env_BANSHEE_LIBS_set=
ac_cv_env_BANSHEE_LIBS_value=
ac_cv_env_CC_set=
ac_cv_env_CC_value=
ac_cv_env_CFLAGS_set=
ac_cv_env_CFLAGS_value=
ac_cv_env_CPPFLAGS_set=
ac_cv_env_CPPFLAGS_value=
ac_cv_env_CPP_set=
ac_cv_env_CPP_value=
ac_cv_env_GTKSHARP_CFLAGS_set=
ac_cv_env_GTKSHARP_CFLAGS_value=
ac_cv_env_GTKSHARP_LIBS_set=
ac_cv_env_GTKSHARP_LIBS_value=
ac_cv_env_LDFLAGS_set=
ac_cv_env_LDFLAGS_value=
ac_cv_env_LIBS_set=
ac_cv_env_LIBS_value=
ac_cv_env_PKG_CONFIG_set=
ac_cv_env_PKG_CONFIG_value=
ac_cv_env_build_alias_set=
ac_cv_env_build_alias_value=
ac_cv_env_host_alias_set=
ac_cv_env_host_alias_value=
ac_cv_env_target_alias_set=
ac_cv_env_target_alias_value=
ac_cv_func_bind_textdomain_codeset=yes
ac_cv_func_dcgettext=yes
ac_cv_header_inttypes_h=yes
ac_cv_header_libintl_h=yes
ac_cv_header_locale_h=yes
ac_cv_header_memory_h=yes
ac_cv_header_stdc=yes
ac_cv_header_stdint_h=yes
ac_cv_header_stdlib_h=yes
ac_cv_header_string_h=yes
ac_cv_header_strings_h=yes
ac_cv_header_sys_stat_h=yes
ac_cv_header_sys_types_h=yes
ac_cv_header_unistd_h=yes
ac_cv_objext=o
ac_cv_path_EGREP='/bin/grep -E'
ac_cv_path_GMCS=/usr/bin/gmcs
ac_cv_path_GMSGFMT=/usr/bin/msgfmt
ac_cv_path_GREP=/bin/grep
ac_cv_path_INTLTOOL_EXTRACT=/usr/bin/intltool-extract
ac_cv_path_INTLTOOL_MERGE=/usr/bin/intltool-merge
ac_cv_path_INTLTOOL_PERL=/usr/bin/perl
ac_cv_path_INTLTOOL_UPDATE=/usr/bin/intltool-update
ac_cv_path_MSGFMT=/usr/bin/msgfmt
ac_cv_path_MSGMERGE=/usr/bin/msgmerge
ac_cv_path_PKG_CONFIG=/usr/bin/pkg-config
ac_cv_path_XGETTEXT=/usr/bin/xgettext
ac_cv_path_install='/usr/bin/install -c'
ac_cv_path_mkdir=/bin/mkdir
ac_cv_prog_AWK=gawk
ac_cv_prog_CPP='gcc -E'
ac_cv_prog_ac_ct_CC=gcc
ac_cv_prog_cc_c89=
ac_cv_prog_cc_g=yes
ac_cv_prog_make_make_set=yes
am_cv_CC_dependencies_compiler_type=none
am_cv_val_LC_MESSAGES=yes
gt_cv_func_dgettext_libc=yes
gt_cv_func_dgettext_libintl=no
gt_cv_func_ngettext_libc=yes
gt_cv_have_gettext=yes
pkg_cv_BANSHEE_CFLAGS='-I:/usr/lib/pkgconfig/../../share/gapi-2.0/glib-api.xml -I:/usr/lib/pkgconfig/../../share/gapi-2.0/pango-api.xml -I:/usr/lib/pkgconfig/../../share/gapi-2.0/atk-api.xml -I:/usr/lib/pkgconfig/../../share/gapi-2.0/gdk-api.xml -I:/usr/lib/pkgconfig/../../share/gapi-2.0/gtk-api.xml  '
pkg_cv_BANSHEE_LIBS='-r:System -r:System.Data -r:/usr/lib/banshee-1/Mono.Data.Sqlite -r:Mono.Posix -r:/usr/lib/banshee-1/Hyena.dll -r:/usr/lib/banshee-1/Banshee.Core.dll -r:/usr/lib/cli/ndesk-dbus-1.0/NDesk.DBus.dll -r:/usr/lib/cli/ndesk-dbus-glib-1.0/NDesk.DBus.GLib.dll -r:/usr/lib/pkgconfig/../../lib/mono/gtk-sharp-2.0/glib-sharp.dll -r:/usr/lib/cli/mono-addins-0.2/Mono.Addins.dll -r:/usr/lib/banshee-1/MusicBrainz.dll -r:/usr/lib/banshee-1/Banshee.Services.dll -r:/usr/lib/banshee-1/Mono.Media.dll -r:/usr/lib/banshee-1/Banshee.Widgets.dll -r:/usr/lib/banshee-1/Banshee.ThickClient.dll -r:Mono.Cairo -r:/usr/lib/banshee-1/Hyena.Gui.dll -r:/usr/lib/pkgconfig/../../lib/mono/gtk-sharp-2.0/pango-sharp.dll -r:/usr/lib/pkgconfig/../../lib/mono/gtk-sharp-2.0/atk-sharp.dll -r:/usr/lib/pkgconfig/../../lib/mono/gtk-sharp-2.0/gdk-sharp.dll -r:/usr/lib/pkgconfig/../../lib/mono/gtk-sharp-2.0/gtk-sharp.dll -r:/usr/lib/cli/taglib-sharp-2.0/taglib-sharp.dll  '
pkg_cv_GTKSHARP_CFLAGS='-I:/usr/lib/pkgconfig/../../share/gapi-2.0/pango-api.xml -I:/usr/lib/pkgconfig/../../share/gapi-2.0/atk-api.xml -I:/usr/lib/pkgconfig/../../share/gapi-2.0/gdk-api.xml -I:/usr/lib/pkgconfig/../../share/gapi-2.0/gtk-api.xml -I:/usr/lib/pkgconfig/../../share/gapi-2.0/glib-api.xml  '
pkg_cv_GTKSHARP_LIBS='-r:/usr/lib/pkgconfig/../../lib/mono/gtk-sharp-2.0/pango-sharp.dll -r:/usr/lib/pkgconfig/../../lib/mono/gtk-sharp-2.0/atk-sharp.dll -r:/usr/lib/pkgconfig/../../lib/mono/gtk-sharp-2.0/gdk-sharp.dll -r:/usr/lib/pkgconfig/../../lib/mono/gtk-sharp-2.0/gtk-sharp.dll -r:/usr/lib/pkgconfig/../../lib/mono/gtk-sharp-2.0/glib-sharp.dll  '

## ----------------- ##
## Output variables. ##
## ----------------- ##

ACLOCAL='${SHELL} /home/dingsi/Dokumente/development/banshee-streamripper-0.1/missing --run aclocal-1.10'
ALL_LINGUAS=''
AMDEPBACKSLASH='\'
AMDEP_FALSE='#'
AMDEP_TRUE=''
AMTAR='${SHELL} /home/dingsi/Dokumente/development/banshee-streamripper-0.1/missing --run tar'
AUTOCONF='${SHELL} /home/dingsi/Dokumente/development/banshee-streamripper-0.1/missing --run autoconf'
AUTOHEADER='${SHELL} /home/dingsi/Dokumente/development/banshee-streamripper-0.1/missing --run autoheader'
AUTOMAKE='${SHELL} /home/dingsi/Dokumente/development/banshee-streamripper-0.1/missing --run automake-1.10'
AWK='gawk'
BANSHEE_CFLAGS='-I:/usr/lib/pkgconfig/../../share/gapi-2.0/glib-api.xml -I:/usr/lib/pkgconfig/../../share/gapi-2.0/pango-api.xml -I:/usr/lib/pkgconfig/../../share/gapi-2.0/atk-api.xml -I:/usr/lib/pkgconfig/../../share/gapi-2.0/gdk-api.xml -I:/usr/lib/pkgconfig/../../share/gapi-2.0/gtk-api.xml  '
BANSHEE_LIBS='-r:System -r:System.Data -r:/usr/lib/banshee-1/Mono.Data.Sqlite -r:Mono.Posix -r:/usr/lib/banshee-1/Hyena.dll -r:/usr/lib/banshee-1/Banshee.Core.dll -r:/usr/lib/cli/ndesk-dbus-1.0/NDesk.DBus.dll -r:/usr/lib/cli/ndesk-dbus-glib-1.0/NDesk.DBus.GLib.dll -r:/usr/lib/pkgconfig/../../lib/mono/gtk-sharp-2.0/glib-sharp.dll -r:/usr/lib/cli/mono-addins-0.2/Mono.Addins.dll -r:/usr/lib/banshee-1/MusicBrainz.dll -r:/usr/lib/banshee-1/Banshee.Services.dll -r:/usr/lib/banshee-1/Mono.Media.dll -r:/usr/lib/banshee-1/Banshee.Widgets.dll -r:/usr/lib/banshee-1/Banshee.ThickClient.dll -r:Mono.Cairo -r:/usr/lib/banshee-1/Hyena.Gui.dll -r:/usr/lib/pkgconfig/../../lib/mono/gtk-sharp-2.0/pango-sharp.dll -r:/usr/lib/pkgconfig/../../lib/mono/gtk-sharp-2.0/atk-sharp.dll -r:/usr/lib/pkgconfig/../../lib/mono/gtk-sharp-2.0/gdk-sharp.dll -r:/usr/lib/pkgconfig/../../lib/mono/gtk-sharp-2.0/gtk-sharp.dll -r:/usr/lib/cli/taglib-sharp-2.0/taglib-sharp.dll  '
CATALOGS=''
CATOBJEXT='.gmo'
CC='gcc'
CCDEPMODE='depmode=none'
CFLAGS='-g -O2'
CPP='gcc -E'
CPPFLAGS=''
CYGPATH_W='echo'
DATADIRNAME='share'
DEFS='-DPACKAGE_NAME=\"Banshee.Streamripper\" -DPACKAGE_TARNAME=\"banshee-streamripper\" -DPACKAGE_VERSION=\"0.1\" -DPACKAGE_STRING=\"Banshee.Streamripper\ 0.1\" -DPACKAGE_BUGREPORT=\"\" -DPACKAGE=\"banshee-streamripper\" -DVERSION=\"0.1\" -DGETTEXT_PACKAGE=\"banshee-streamripper\" -DSTDC_HEADERS=1 -DHAVE_SYS_TYPES_H=1 -DHAVE_SYS_STAT_H=1 -DHAVE_STDLIB_H=1 -DHAVE_STRING_H=1 -DHAVE_MEMORY_H=1 -DHAVE_STRINGS_H=1 -DHAVE_INTTYPES_H=1 -DHAVE_STDINT_H=1 -DHAVE_UNISTD_H=1 -DHAVE_LOCALE_H=1 -DHAVE_LC_MESSAGES=1 -DHAVE_BIND_TEXTDOMAIN_CODESET=1 -DHAVE_GETTEXT=1 -DHAVE_DCGETTEXT=1 -DENABLE_NLS=1'
DEPDIR='.deps'
ECHO_C=''
ECHO_N='-n'
ECHO_T=''
EGREP='/bin/grep -E'
ENABLE_DEBUG_FALSE=''
ENABLE_DEBUG_TRUE='#'
ENABLE_RELEASE_FALSE='#'
ENABLE_RELEASE_TRUE=''
EXEEXT=''
EXTENSION_DIR='${exec_prefix}/lib/banshee-1/Extensions'
GETTEXT_PACKAGE='banshee-streamripper'
GMCS='/usr/bin/gmcs'
GMOFILES=''
GMSGFMT='/usr/bin/msgfmt'
GREP='/bin/grep'
GTKSHARP_CFLAGS='-I:/usr/lib/pkgconfig/../../share/gapi-2.0/pango-api.xml -I:/usr/lib/pkgconfig/../../share/gapi-2.0/atk-api.xml -I:/usr/lib/pkgconfig/../../share/gapi-2.0/gdk-api.xml -I:/usr/lib/pkgconfig/../../share/gapi-2.0/gtk-api.xml -I:/usr/lib/pkgconfig/../../share/gapi-2.0/glib-api.xml  '
GTKSHARP_LIBS='-r:/usr/lib/pkgconfig/../../lib/mono/gtk-sharp-2.0/pango-sharp.dll -r:/usr/lib/pkgconfig/../../lib/mono/gtk-sharp-2.0/atk-sharp.dll -r:/usr/lib/pkgconfig/../../lib/mono/gtk-sharp-2.0/gdk-sharp.dll -r:/usr/lib/pkgconfig/../../lib/mono/gtk-sharp-2.0/gtk-sharp.dll -r:/usr/lib/pkgconfig/../../lib/mono/gtk-sharp-2.0/glib-sharp.dll  '
INSTALL_DATA='${INSTALL} -m 644'
INSTALL_PROGRAM='${INSTALL}'
INSTALL_SCRIPT='${INSTALL}'
INSTALL_STRIP_PROGRAM='$(install_sh) -c -s'
INSTOBJEXT='.mo'
INTLLIBS=''
INTLTOOL_CAVES_RULE='%.caves:     %.caves.in     $(INTLTOOL_MERGE) $(wildcard $(top_srcdir)/po/*.po) ; LC_ALL=C $(INTLTOOL_MERGE) -d -u -c $(top_builddir)/po/.intltool-merge-cache $(top_srcdir)/po $< $@'
INTLTOOL_DESKTOP_RULE='%.desktop:   %.desktop.in   $(INTLTOOL_MERGE) $(wildcard $(top_srcdir)/po/*.po) ; LC_ALL=C $(INTLTOOL_MERGE) -d -u -c $(top_builddir)/po/.intltool-merge-cache $(top_srcdir)/po $< $@'
INTLTOOL_DIRECTORY_RULE='%.directory: %.directory.in $(INTLTOOL_MERGE) $(wildcard $(top_srcdir)/po/*.po) ; LC_ALL=C $(INTLTOOL_MERGE) -d -u -c $(top_builddir)/po/.intltool-merge-cache $(top_srcdir)/po $< $@'
INTLTOOL_EXTRACT='/usr/bin/intltool-extract'
INTLTOOL_KBD_RULE='%.kbd:       %.kbd.in       $(INTLTOOL_MERGE) $(wildcard $(top_srcdir)/po/*.po) ; LC_ALL=C $(INTLTOOL_MERGE) -x -u -m -c $(top_builddir)/po/.intltool-merge-cache $(top_srcdir)/po $< $@'
INTLTOOL_KEYS_RULE='%.keys:      %.keys.in      $(INTLTOOL_MERGE) $(wildcard $(top_srcdir)/po/*.po) ; LC_ALL=C $(INTLTOOL_MERGE) -k -u -c $(top_builddir)/po/.intltool-merge-cache $(top_srcdir)/po $< $@'
INTLTOOL_MERGE='/usr/bin/intltool-merge'
INTLTOOL_OAF_RULE='%.oaf:       %.oaf.in       $(INTLTOOL_MERGE) $(wildcard $(top_srcdir)/po/*.po) ; LC_ALL=C $(INTLTOOL_MERGE) -o -p $(top_srcdir)/po $< $@'
INTLTOOL_PERL='/usr/bin/perl'
INTLTOOL_POLICY_RULE='%.policy:    %.policy.in    $(INTLTOOL_MERGE) $(wildcard $(top_srcdir)/po/*.po) ; LC_ALL=C $(INTLTOOL_MERGE) -x -u -c $(top_builddir)/po/.intltool-merge-cache $(top_srcdir)/po $< $@'
INTLTOOL_PONG_RULE='%.pong:      %.pong.in      $(INTLTOOL_MERGE) $(wildcard $(top_srcdir)/po/*.po) ; LC_ALL=C $(INTLTOOL_MERGE) -x -u -c $(top_builddir)/po/.intltool-merge-cache $(top_srcdir)/po $< $@'
INTLTOOL_PROP_RULE='%.prop:      %.prop.in      $(INTLTOOL_MERGE) $(wildcard $(top_srcdir)/po/*.po) ; LC_ALL=C $(INTLTOOL_MERGE) -d -u -c $(top_builddir)/po/.intltool-merge-cache $(top_srcdir)/po $< $@'
INTLTOOL_SCHEMAS_RULE='%.schemas:   %.schemas.in   $(INTLTOOL_MERGE) $(wildcard $(top_srcdir)/po/*.po) ; LC_ALL=C $(INTLTOOL_MERGE) -s -u -c $(top_builddir)/po/.intltool-merge-cache $(top_srcdir)/po $< $@'
INTLTOOL_SERVER_RULE='%.server:    %.server.in    $(INTLTOOL_MERGE) $(wildcard $(top_srcdir)/po/*.po) ; LC_ALL=C $(INTLTOOL_MERGE) -o -u -c $(top_builddir)/po/.intltool-merge-cache $(top_srcdir)/po $< $@'
INTLTOOL_SERVICE_RULE='%.service: %.service.in   $(INTLTOOL_MERGE) $(wildcard $(top_srcdir)/po/*.po) ; LC_ALL=C $(INTLTOOL_MERGE) -d -u -c $(top_builddir)/po/.intltool-merge-cache $(top_srcdir)/po $< $@'
INTLTOOL_SHEET_RULE='%.sheet:     %.sheet.in     $(INTLTOOL_MERGE) $(wildcard $(top_srcdir)/po/*.po) ; LC_ALL=C $(INTLTOOL_MERGE) -x -u -c $(top_builddir)/po/.intltool-merge-cache $(top_srcdir)/po $< $@'
INTLTOOL_SOUNDLIST_RULE='%.soundlist: %.soundlist.in $(INTLTOOL_MERGE) $(wildcard $(top_srcdir)/po/*.po) ; LC_ALL=C $(INTLTOOL_MERGE) -d -u -c $(top_builddir)/po/.intltool-merge-cache $(top_srcdir)/po $< $@'
INTLTOOL_THEME_RULE='%.theme:     %.theme.in     $(INTLTOOL_MERGE) $(wildcard $(top_srcdir)/po/*.po) ; LC_ALL=C $(INTLTOOL_MERGE) -d -u -c $(top_builddir)/po/.intltool-merge-cache $(top_srcdir)/po $< $@'
INTLTOOL_UI_RULE='%.ui:        %.ui.in        $(INTLTOOL_MERGE) $(wildcard $(top_srcdir)/po/*.po) ; LC_ALL=C $(INTLTOOL_MERGE) -x -u -c $(top_builddir)/po/.intltool-merge-cache $(top_srcdir)/po $< $@'
INTLTOOL_UPDATE='/usr/bin/intltool-update'
INTLTOOL_XAM_RULE='%.xam:       %.xml.in       $(INTLTOOL_MERGE) $(wildcard $(top_srcdir)/po/*.po) ; LC_ALL=C $(INTLTOOL_MERGE) -x -u -c $(top_builddir)/po/.intltool-merge-cache $(top_srcdir)/po $< $@'
INTLTOOL_XML_NOMERGE_RULE='%.xml:       %.xml.in       $(INTLTOOL_MERGE) ; LC_ALL=C $(INTLTOOL_MERGE) -x -u /tmp $< $@'
INTLTOOL_XML_RULE='%.xml:       %.xml.in       $(INTLTOOL_MERGE) $(wildcard $(top_srcdir)/po/*.po) ; LC_ALL=C $(INTLTOOL_MERGE) -x -u -c $(top_builddir)/po/.intltool-merge-cache $(top_srcdir)/po $< $@'
LDFLAGS=''
LIBOBJS=''
LIBS=''
LTLIBOBJS=''
MAINT='#'
MAINTAINER_MODE_FALSE=''
MAINTAINER_MODE_TRUE='#'
MAKEINFO='${SHELL} /home/dingsi/Dokumente/development/banshee-streamripper-0.1/missing --run makeinfo'
MKDIR_P='/bin/mkdir -p'
MKINSTALLDIRS='./mkinstalldirs'
MSGFMT='/usr/bin/msgfmt'
MSGFMT_OPTS='-c'
MSGMERGE='/usr/bin/msgmerge'
OBJEXT='o'
PACKAGE='banshee-streamripper'
PACKAGE_BUGREPORT=''
PACKAGE_NAME='Banshee.Streamripper'
PACKAGE_STRING='Banshee.Streamripper 0.1'
PACKAGE_TARNAME='banshee-streamripper'
PACKAGE_VERSION='0.1'
PATH_SEPARATOR=':'
PKG_CONFIG='/usr/bin/pkg-config'
PLUGINDIR='${exec_prefix}/lib/banshee-1/Extensions'
POFILES=''
POSUB='po'
PO_IN_DATADIR_FALSE=''
PO_IN_DATADIR_TRUE=''
SET_MAKE=''
SHELL='/bin/bash'
STRIP=''
USE_NLS='yes'
VERSION='0.1'
XGETTEXT='/usr/bin/xgettext'
ac_ct_CC='gcc'
am__fastdepCC_FALSE=''
am__fastdepCC_TRUE='#'
am__include='include'
am__isrc=''
am__leading_dot='.'
am__quote=''
am__tar='${AMTAR} chof - "$$tardir"'
am__untar='${AMTAR} xf -'
banshee_libdir='/usr/lib/banshee-1'
bindir='${exec_prefix}/bin'
build_alias=''
datadir='${datarootdir}'
datarootdir='${prefix}/share'
docdir='${datarootdir}/doc/${PACKAGE_TARNAME}'
dvidir='${docdir}'
exec_prefix='/usr/local'
expanded_bindir='/usr/local/bin'
expanded_datadir='/usr/local/share'
expanded_libdir='/usr/local/lib'
expanded_pluginsdir='/usr/local/lib/banshee-1/Extensions'
host_alias=''
htmldir='${docdir}'
includedir='${prefix}/include'
infodir='${datarootdir}/info'
install_sh='$(SHELL) /home/dingsi/Dokumente/development/banshee-streamripper-0.1/install-sh'
libdir='${exec_prefix}/lib'
libexecdir='${exec_prefix}/libexec'
localedir='${datarootdir}/locale'
localstatedir='${prefix}/var'
mandir='${datarootdir}/man'
mkdir_p='/bin/mkdir -p'
oldincludedir='/usr/include'
pdfdir='${docdir}'
prefix='/usr/local'
program_transform_name='s,x,x,'
psdir='${docdir}'
sbindir='${exec_prefix}/sbin'
sharedstatedir='${prefix}/com'
sysconfdir='${prefix}/etc'
target_alias=''

## ----------- ##
## confdefs.h. ##
## ----------- ##

#define PACKAGE_NAME "Banshee.Streamripper"
#define PACKAGE_TARNAME "banshee-streamripper"
#define PACKAGE_VERSION "0.1"
#define PACKAGE_STRING "Banshee.Streamripper 0.1"
#define PACKAGE_BUGREPORT ""
#define PACKAGE "banshee-streamripper"
#define VERSION "0.1"
#define GETTEXT_PACKAGE "banshee-streamripper"
#define STDC_HEADERS 1
#define HAVE_SYS_TYPES_H 1
#define HAVE_SYS_STAT_H 1
#define HAVE_STDLIB_H 1
#define HAVE_STRING_H 1
#define HAVE_MEMORY_H 1
#define HAVE_STRINGS_H 1
#define HAVE_INTTYPES_H 1
#define HAVE_STDINT_H 1
#define HAVE_UNISTD_H 1
#define HAVE_LOCALE_H 1
#define HAVE_LC_MESSAGES 1
#define HAVE_BIND_TEXTDOMAIN_CODESET 1
#define HAVE_GETTEXT 1
#define HAVE_DCGETTEXT 1
#define ENABLE_NLS 1

configure: exit 0
